[2022-03-02 19:41:40,462] multiqc                                            [DEBUG  ]  This is MultiQC v1.12
[2022-03-02 19:41:40,462] multiqc                                            [DEBUG  ]  No MultiQC config found: /Users/qwei/anaconda3/lib/python3.9/site-packages/multiqc_config.yaml
[2022-03-02 19:41:40,462] multiqc                                            [DEBUG  ]  No MultiQC config found: /Users/qwei/.multiqc_config.yaml
[2022-03-02 19:41:40,462] multiqc                                            [DEBUG  ]  No MultiQC config found: multiqc_config.yaml
[2022-03-02 19:41:40,462] multiqc                                            [DEBUG  ]  Command used: /Users/qwei/anaconda3/bin/multiqc .
[2022-03-02 19:41:42,128] multiqc                                            [DEBUG  ]  Latest MultiQC version is v1.12
[2022-03-02 19:41:42,128] multiqc                                            [DEBUG  ]  Command     : /Users/qwei/anaconda3/bin/multiqc .
[2022-03-02 19:41:42,128] multiqc                                            [DEBUG  ]  Working dir : /Volumes/zengqw_HD/PRC2/ATACseq/0302_ATAC/02_QC/clean
[2022-03-02 19:41:42,128] multiqc                                            [DEBUG  ]  Template    : default
[2022-03-02 19:41:42,128] multiqc                                            [DEBUG  ]  Running Python 3.9.7 (default, Sep 16 2021, 08:50:36)  [Clang 10.0.0 ]
[2022-03-02 19:41:42,129] multiqc                                            [DEBUG  ]  Analysing modules: custom_content, ccs, ngsderive, purple, conpair, lima, peddy, somalier, methylQA, mosdepth, phantompeakqualtools, qualimap, preseq, quast, qorts, rna_seqc, rockhopper, rsem, rseqc, busco, bustools, goleft_indexcov, gffcompare, disambiguate, supernova, deeptools, sargasso, verifybamid, mirtrace, happy, mirtop, sambamba, homer, hops, macs2, theta2, snpeff, gatk, htseq, bcftools, featureCounts, fgbio, dragen, dedup, pbmarkdup, damageprofiler, biobambam2, jcvi, mtnucratio, picard, vep, sentieon, prokka, qc3C, nanostat, samblaster, samtools, sexdeterrmine, eigenstratdatabasetools, bamtools, jellyfish, vcftools, longranger, stacks, varscan2, snippy, bbmap, bismark, biscuit, hicexplorer, hicup, hicpro, salmon, kallisto, slamdunk, star, hisat2, tophat, bowtie2, bowtie1, snpsplit, odgi, pangolin, kat, leehom, adapterRemoval, clipandmerge, cutadapt, flexbar, kaiju, kraken, malt, trimmomatic, sickle, skewer, sortmerna, biobloomtools, fastq_screen, afterqc, fastp, fastqc, pychopper, pycoqc, minionqc, multivcfanalyzer, clusterflow, checkqc, bcl2fastq, bclconvert, interop, ivar, flash, seqyclean, optitype, whatshap
[2022-03-02 19:41:42,129] multiqc                                            [DEBUG  ]  Using temporary directory for creating report: /var/folders/vx/h180j9h91z7_vbwbys1lrc3c0000gn/T/tmp6xzprh7h
[2022-03-02 19:41:42,261] multiqc                                            [INFO   ]  Search path : /Volumes/zengqw_HD/PRC2/ATACseq/0302_ATAC/02_QC/clean
[2022-03-02 19:41:42,299] multiqc                                            [DEBUG  ]  File ignored by ccs/v4 because it exceeded search pattern filesize limit: 12_9D_Mut_R2_1.clean_fastqc.html
[2022-03-02 19:41:42,300] multiqc                                            [DEBUG  ]  File ignored by hicexplorer because it exceeded search pattern filesize limit: 12_9D_Mut_R2_1.clean_fastqc.html
[2022-03-02 19:41:42,301] multiqc                                            [DEBUG  ]  File ignored by lima/summary because it exceeded search pattern filesize limit: 12_9D_Mut_R2_1.clean_fastqc.html
[2022-03-02 19:41:42,304] multiqc                                            [DEBUG  ]  File ignored by vep/vep_txt because it exceeded search pattern filesize limit: 12_9D_Mut_R2_1.clean_fastqc.html
[2022-03-02 19:41:42,305] multiqc                                            [DEBUG  ]  File ignored by longranger/invocation because it exceeded search pattern filesize limit: 12_9D_Mut_R2_1.clean_fastqc.html
[2022-03-02 19:41:42,305] multiqc                                            [DEBUG  ]  File ignored by rockhopper because it exceeded search pattern filesize limit: 12_9D_Mut_R2_1.clean_fastqc.html
[2022-03-02 19:41:42,305] multiqc                                            [DEBUG  ]  File ignored by rseqc/bam_stat because it exceeded search pattern filesize limit: 12_9D_Mut_R2_1.clean_fastqc.html
[2022-03-02 19:41:42,305] multiqc                                            [DEBUG  ]  File ignored by rseqc/junction_annotation because it exceeded search pattern filesize limit: 12_9D_Mut_R2_1.clean_fastqc.html
[2022-03-02 19:41:42,305] multiqc                                            [DEBUG  ]  File ignored by rseqc/read_distribution because it exceeded search pattern filesize limit: 12_9D_Mut_R2_1.clean_fastqc.html
[2022-03-02 19:41:42,305] multiqc                                            [DEBUG  ]  File ignored by rseqc/infer_experiment because it exceeded search pattern filesize limit: 12_9D_Mut_R2_1.clean_fastqc.html
[2022-03-02 19:41:42,447] multiqc                                            [DEBUG  ]  File ignored by nanostat because it exceeded search pattern filesize limit: 12_9D_Mut_R2_1.clean_fastqc.html
[2022-03-02 19:41:42,470] multiqc                                            [DEBUG  ]  File ignored by ccs/v4 because it exceeded search pattern filesize limit: 12_9D_Mut_R2_2.clean_fastqc.html
[2022-03-02 19:41:42,471] multiqc                                            [DEBUG  ]  File ignored by hicexplorer because it exceeded search pattern filesize limit: 12_9D_Mut_R2_2.clean_fastqc.html
[2022-03-02 19:41:42,471] multiqc                                            [DEBUG  ]  File ignored by lima/summary because it exceeded search pattern filesize limit: 12_9D_Mut_R2_2.clean_fastqc.html
[2022-03-02 19:41:42,475] multiqc                                            [DEBUG  ]  File ignored by vep/vep_txt because it exceeded search pattern filesize limit: 12_9D_Mut_R2_2.clean_fastqc.html
[2022-03-02 19:41:42,475] multiqc                                            [DEBUG  ]  File ignored by longranger/invocation because it exceeded search pattern filesize limit: 12_9D_Mut_R2_2.clean_fastqc.html
[2022-03-02 19:41:42,475] multiqc                                            [DEBUG  ]  File ignored by rockhopper because it exceeded search pattern filesize limit: 12_9D_Mut_R2_2.clean_fastqc.html
[2022-03-02 19:41:42,475] multiqc                                            [DEBUG  ]  File ignored by rseqc/bam_stat because it exceeded search pattern filesize limit: 12_9D_Mut_R2_2.clean_fastqc.html
[2022-03-02 19:41:42,475] multiqc                                            [DEBUG  ]  File ignored by rseqc/junction_annotation because it exceeded search pattern filesize limit: 12_9D_Mut_R2_2.clean_fastqc.html
[2022-03-02 19:41:42,475] multiqc                                            [DEBUG  ]  File ignored by rseqc/read_distribution because it exceeded search pattern filesize limit: 12_9D_Mut_R2_2.clean_fastqc.html
[2022-03-02 19:41:42,475] multiqc                                            [DEBUG  ]  File ignored by rseqc/infer_experiment because it exceeded search pattern filesize limit: 12_9D_Mut_R2_2.clean_fastqc.html
[2022-03-02 19:41:42,622] multiqc                                            [DEBUG  ]  File ignored by nanostat because it exceeded search pattern filesize limit: 12_9D_Mut_R2_2.clean_fastqc.html
[2022-03-02 19:41:47,675] multiqc.plots.linegraph                            [DEBUG  ]  Using matplotlib version 3.5.1
[2022-03-02 19:41:47,676] multiqc.plots.bargraph                             [DEBUG  ]  Using matplotlib version 3.5.1
[2022-03-02 19:41:48,014] multiqc.modules.fastqc.fastqc                      [INFO   ]  Found 2 reports
[2022-03-02 19:41:48,084] multiqc                                            [INFO   ]  Compressing plot data
[2022-03-02 19:41:48,122] multiqc                                            [INFO   ]  Report      : multiqc_report.html
[2022-03-02 19:41:48,122] multiqc                                            [INFO   ]  Data        : multiqc_data
[2022-03-02 19:41:48,122] multiqc                                            [DEBUG  ]  Moving data file from '/var/folders/vx/h180j9h91z7_vbwbys1lrc3c0000gn/T/tmp6xzprh7h/multiqc_data' to '/Volumes/zengqw_HD/PRC2/ATACseq/0302_ATAC/02_QC/clean/multiqc_data'
[2022-03-02 19:41:48,249] multiqc                                            [INFO   ]  MultiQC complete
